\BOOKMARK [1][-]{section.1}{Introduzione}{}% 1
\BOOKMARK [1][-]{section.2}{Progettazione}{}% 2
\BOOKMARK [2][-]{subsection.2.1}{Studio dell'utenza finale}{section.2}% 3
\BOOKMARK [3][-]{subsubsection.2.1.1}{Utente generico}{subsection.2.1}% 4
\BOOKMARK [3][-]{subsubsection.2.1.2}{Amministratore}{subsection.2.1}% 5
\BOOKMARK [2][-]{subsection.2.2}{Layout del sito}{section.2}% 6
\BOOKMARK [3][-]{subsubsection.2.2.1}{Barra di navigazione}{subsection.2.2}% 7
\BOOKMARK [4][-]{paragraph.2.2.1.1}{Barra di navigazione}{subsubsection.2.2.1}% 8
\BOOKMARK [4][-]{figure.caption.3}{Corpo}{subsubsection.2.2.1}% 9
\BOOKMARK [4][-]{paragraph.2.2.1.3}{Pi\351 di pagina}{subsubsection.2.2.1}% 10
\BOOKMARK [2][-]{subsection.2.3}{Pagine per tipologia di utente}{section.2}% 11
\BOOKMARK [3][-]{subsubsection.2.3.1}{Utente generico}{subsection.2.3}% 12
\BOOKMARK [4][-]{paragraph.2.3.1.1}{Contenuti statici}{subsubsection.2.3.1}% 13
\BOOKMARK [5][-]{subparagraph.2.3.1.1.1}{About}{paragraph.2.3.1.1}% 14
\BOOKMARK [5][-]{subparagraph.2.3.1.1.2}{Supporto}{paragraph.2.3.1.1}% 15
\BOOKMARK [4][-]{paragraph.2.3.1.2}{Contenuti dinamici}{subsubsection.2.3.1}% 16
\BOOKMARK [5][-]{subparagraph.2.3.1.2.1}{Preferiti}{paragraph.2.3.1.2}% 17
\BOOKMARK [5][-]{subparagraph.2.3.1.2.2}{Esplora}{paragraph.2.3.1.2}% 18
\BOOKMARK [5][-]{subparagraph.2.3.1.2.3}{Profilo}{paragraph.2.3.1.2}% 19
\BOOKMARK [5][-]{subparagraph.2.3.1.2.4}{Impostazioni}{paragraph.2.3.1.2}% 20
\BOOKMARK [5][-]{subparagraph.2.3.1.2.5}{FAQ}{paragraph.2.3.1.2}% 21
\BOOKMARK [5][-]{subparagraph.2.3.1.2.6}{Privacy}{paragraph.2.3.1.2}% 22
\BOOKMARK [1][-]{section.3}{Realizzazione}{}% 23
\BOOKMARK [2][-]{subsection.3.1}{Responsive Design}{section.3}% 24
\BOOKMARK [2][-]{subsection.3.2}{Linguaggi e strumenti}{section.3}% 25
\BOOKMARK [3][-]{subsubsection.3.2.1}{XHTML 1.0 Strict}{subsection.3.2}% 26
\BOOKMARK [3][-]{subsubsection.3.2.2}{PHP}{subsection.3.2}% 27
\BOOKMARK [3][-]{subsubsection.3.2.3}{JavaScript}{subsection.3.2}% 28
\BOOKMARK [3][-]{subsubsection.3.2.4}{Struttura}{subsection.3.2}% 29
\BOOKMARK [2][-]{subsection.3.3}{Presentazione}{section.3}% 30
\BOOKMARK [2][-]{subsection.3.4}{Comportamento}{section.3}% 31
\BOOKMARK [1][-]{section.4}{Validazione}{}% 32
\BOOKMARK [2][-]{subsection.4.1}{Scelte progetturali}{section.4}% 33
\BOOKMARK [2][-]{subsection.4.2}{Strumenti automatici}{section.4}% 34
\BOOKMARK [3][-]{subsubsection.4.2.1}{Markup Validation Service w3.org}{subsection.4.2}% 35
\BOOKMARK [3][-]{subsubsection.4.2.2}{W3C CSS Validator w3.org}{subsection.4.2}% 36
\BOOKMARK [3][-]{subsubsection.4.2.3}{Vamol\340}{subsection.4.2}% 37
\BOOKMARK [3][-]{subsubsection.4.2.4}{TotalValidator}{subsection.4.2}% 38
\BOOKMARK [3][-]{subsubsection.4.2.5}{WAVE Accessibility Extension}{subsection.4.2}% 39
\BOOKMARK [3][-]{subsubsection.4.2.6}{ColorSafe}{subsection.4.2}% 40
\BOOKMARK [2][-]{subsection.4.3}{Test effettuati}{section.4}% 41
\BOOKMARK [1][-]{section.5}{Suddivisione del lavoro}{}% 42
\BOOKMARK [2][-]{subsection.5.1}{Francesco Corti}{section.5}% 43
\BOOKMARK [2][-]{subsection.5.2}{Davide Barasti}{section.5}% 44
\BOOKMARK [2][-]{subsection.5.3}{Giovanni Sorice}{section.5}% 45
\BOOKMARK [2][-]{subsection.5.4}{Lorenzo Busin}{section.5}% 46
